Cache sync 1 at Fri Jul 17 11:42:06 UTC 2026
Cache sync 2 at Fri Jul 17 11:42:06 UTC 2026
Cache sync 3 at Fri Jul 17 11:42:06 UTC 2026
Cache sync 4 at Fri Jul 17 11:42:07 UTC 2026
Cache sync 5 at Fri Jul 17 11:42:07 UTC 2026
Cache sync 6 at Fri Jul 17 11:42:07 UTC 2026
Cache sync 7 at Fri Jul 17 11:42:07 UTC 2026
Cache sync 8 at Fri Jul 17 11:42:07 UTC 2026
Cache sync 9 at Fri Jul 17 11:42:07 UTC 2026
Cache sync 10 at Fri Jul 17 11:42:07 UTC 2026
Cache sync 11 at Fri Jul 17 11:42:07 UTC 2026
Cache sync 12 at Fri Jul 17 11:42:07 UTC 2026
Cache sync 13 at Fri Jul 17 11:42:07 UTC 2026
Cache sync 14 at Fri Jul 17 11:42:07 UTC 2026
Cache sync 15 at Fri Jul 17 11:42:07 UTC 2026
Cache sync 16 at Fri Jul 17 11:42:07 UTC 2026
Cache sync 17 at Fri Jul 17 11:42:07 UTC 2026
Cache sync 18 at Fri Jul 17 11:42:07 UTC 2026
Cache sync 19 at Fri Jul 17 11:42:07 UTC 2026
Cache sync 20 at Fri Jul 17 11:42:07 UTC 2026
Cache sync 21 at Fri Jul 17 11:42:07 UTC 2026
Cache sync 22 at Fri Jul 17 11:42:07 UTC 2026
Cache sync 23 at Fri Jul 17 11:42:07 UTC 2026
Cache sync 24 at Fri Jul 17 11:42:07 UTC 2026
Cache sync 25 at Fri Jul 17 11:42:07 UTC 2026
Cache sync 26 at Fri Jul 17 11:42:07 UTC 2026
Cache sync 27 at Fri Jul 17 11:42:07 UTC 2026
Cache sync 28 at Fri Jul 17 11:42:07 UTC 2026
Cache sync 29 at Fri Jul 17 11:42:07 UTC 2026
Cache sync 30 at Fri Jul 17 11:42:07 UTC 2026
Cache sync 31 at Fri Jul 17 11:42:07 UTC 2026
Cache sync 32 at Fri Jul 17 11:42:07 UTC 2026
Cache sync 33 at Fri Jul 17 11:42:07 UTC 2026
Cache sync 34 at Fri Jul 17 11:42:07 UTC 2026
Cache sync 35 at Fri Jul 17 11:42:07 UTC 2026
Cache sync 36 at Fri Jul 17 11:42:07 UTC 2026
Cache sync 37 at Fri Jul 17 11:42:07 UTC 2026
Cache sync 38 at Fri Jul 17 11:42:07 UTC 2026
Cache sync 39 at Fri Jul 17 11:42:07 UTC 2026
Cache sync 40 at Fri Jul 17 11:42:07 UTC 2026
Cache sync 41 at Fri Jul 17 11:42:07 UTC 2026
Cache sync 42 at Fri Jul 17 11:42:07 UTC 2026
Cache sync 43 at Fri Jul 17 11:42:07 UTC 2026
Cache sync 44 at Fri Jul 17 11:42:07 UTC 2026
Cache sync 45 at Fri Jul 17 11:42:07 UTC 2026
Cache sync 46 at Fri Jul 17 11:42:07 UTC 2026
Cache sync 47 at Fri Jul 17 11:42:07 UTC 2026
Cache sync 48 at Fri Jul 17 11:42:07 UTC 2026
Cache sync 49 at Fri Jul 17 11:42:07 UTC 2026
Cache sync 50 at Fri Jul 17 11:42:07 UTC 2026
Cache sync 51 at Fri Jul 17 11:42:07 UTC 2026
Cache sync 52 at Fri Jul 17 11:42:07 UTC 2026
Cache sync 53 at Fri Jul 17 11:42:07 UTC 2026
Cache sync 54 at Fri Jul 17 11:42:07 UTC 2026
Cache sync 55 at Fri Jul 17 11:42:07 UTC 2026
Cache sync 56 at Fri Jul 17 11:42:07 UTC 2026
Cache sync 57 at Fri Jul 17 11:42:07 UTC 2026
Cache sync 58 at Fri Jul 17 11:42:07 UTC 2026
Cache sync 59 at Fri Jul 17 11:42:07 UTC 2026
Cache sync 60 at Fri Jul 17 11:42:07 UTC 2026
Cache sync 61 at Fri Jul 17 11:42:07 UTC 2026
Cache sync 62 at Fri Jul 17 11:42:07 UTC 2026
Cache sync 63 at Fri Jul 17 11:42:07 UTC 2026
Cache sync 64 at Fri Jul 17 11:42:07 UTC 2026
Cache sync 65 at Fri Jul 17 11:42:07 UTC 2026
Cache sync 66 at Fri Jul 17 11:42:07 UTC 2026
Cache sync 67 at Fri Jul 17 11:42:07 UTC 2026
Cache sync 68 at Fri Jul 17 11:42:07 UTC 2026
Cache sync 69 at Fri Jul 17 11:42:07 UTC 2026
Cache sync 70 at Fri Jul 17 11:42:07 UTC 2026
Cache sync 71 at Fri Jul 17 11:42:07 UTC 2026
Cache sync 72 at Fri Jul 17 11:42:07 UTC 2026
Cache sync 73 at Fri Jul 17 11:42:07 UTC 2026
Cache sync 74 at Fri Jul 17 11:42:07 UTC 2026
Cache sync 75 at Fri Jul 17 11:42:07 UTC 2026
Cache sync 1 at Fri Jul 17 18:04:12 UTC 2026
Cache sync 2 at Fri Jul 17 18:04:12 UTC 2026
Cache sync 3 at Fri Jul 17 18:04:12 UTC 2026
Cache sync 1 at Sat Jul 18 17:55:02 UTC 2026
Cache sync 2 at Sat Jul 18 17:55:02 UTC 2026
Cache sync 3 at Sat Jul 18 17:55:02 UTC 2026
Cache sync 4 at Sat Jul 18 17:55:02 UTC 2026
Cache sync 5 at Sat Jul 18 17:55:02 UTC 2026
Cache sync 6 at Sat Jul 18 17:55:02 UTC 2026
Cache sync 7 at Sat Jul 18 17:55:02 UTC 2026
Cache sync 8 at Sat Jul 18 17:55:02 UTC 2026
Cache sync 9 at Sat Jul 18 17:55:02 UTC 2026
Cache sync 10 at Sat Jul 18 17:55:02 UTC 2026
Cache sync 11 at Sat Jul 18 17:55:02 UTC 2026
Cache sync 12 at Sat Jul 18 17:55:02 UTC 2026
Cache sync 13 at Sat Jul 18 17:55:02 UTC 2026
Cache sync 14 at Sat Jul 18 17:55:02 UTC 2026
Cache sync 15 at Sat Jul 18 17:55:02 UTC 2026
Cache sync 16 at Sat Jul 18 17:55:02 UTC 2026
Cache sync 17 at Sat Jul 18 17:55:02 UTC 2026
Cache sync 18 at Sat Jul 18 17:55:02 UTC 2026
Cache sync 19 at Sat Jul 18 17:55:02 UTC 2026
Cache sync 20 at Sat Jul 18 17:55:03 UTC 2026
Cache sync 21 at Sat Jul 18 17:55:03 UTC 2026
Cache sync 22 at Sat Jul 18 17:55:03 UTC 2026
Cache sync 23 at Sat Jul 18 17:55:03 UTC 2026
Cache sync 24 at Sat Jul 18 17:55:03 UTC 2026
Cache sync 25 at Sat Jul 18 17:55:03 UTC 2026
Cache sync 26 at Sat Jul 18 17:55:03 UTC 2026
Cache sync 27 at Sat Jul 18 17:55:03 UTC 2026
Cache sync 28 at Sat Jul 18 17:55:03 UTC 2026
Cache sync 29 at Sat Jul 18 17:55:03 UTC 2026
Cache sync 30 at Sat Jul 18 17:55:03 UTC 2026
Cache sync 31 at Sat Jul 18 17:55:03 UTC 2026
Cache sync 32 at Sat Jul 18 17:55:03 UTC 2026
Cache sync 33 at Sat Jul 18 17:55:03 UTC 2026
Cache sync 34 at Sat Jul 18 17:55:03 UTC 2026
Cache sync 35 at Sat Jul 18 17:55:03 UTC 2026
Cache sync 36 at Sat Jul 18 17:55:03 UTC 2026
Cache sync 37 at Sat Jul 18 17:55:03 UTC 2026
Cache sync 38 at Sat Jul 18 17:55:03 UTC 2026
Cache sync 39 at Sat Jul 18 17:55:03 UTC 2026
Cache sync 40 at Sat Jul 18 17:55:03 UTC 2026
Cache sync 41 at Sat Jul 18 17:55:03 UTC 2026
Cache sync 42 at Sat Jul 18 17:55:03 UTC 2026
Cache sync 43 at Sat Jul 18 17:55:03 UTC 2026
Cache sync 44 at Sat Jul 18 17:55:03 UTC 2026
Cache sync 45 at Sat Jul 18 17:55:03 UTC 2026
Cache sync 46 at Sat Jul 18 17:55:03 UTC 2026
Cache sync 47 at Sat Jul 18 17:55:03 UTC 2026
Cache sync 48 at Sat Jul 18 17:55:03 UTC 2026
Cache sync 49 at Sat Jul 18 17:55:03 UTC 2026
Cache sync 50 at Sat Jul 18 17:55:03 UTC 2026
Cache sync 51 at Sat Jul 18 17:55:03 UTC 2026
Cache sync 52 at Sat Jul 18 17:55:03 UTC 2026
Cache sync 53 at Sat Jul 18 17:55:03 UTC 2026
Cache sync 54 at Sat Jul 18 17:55:03 UTC 2026
Cache sync 55 at Sat Jul 18 17:55:03 UTC 2026
Cache sync 56 at Sat Jul 18 17:55:03 UTC 2026
Cache sync 57 at Sat Jul 18 17:55:03 UTC 2026
Cache sync 58 at Sat Jul 18 17:55:03 UTC 2026
Cache sync 59 at Sat Jul 18 17:55:03 UTC 2026
Cache sync 60 at Sat Jul 18 17:55:03 UTC 2026
Cache sync 61 at Sat Jul 18 17:55:03 UTC 2026
Cache sync 62 at Sat Jul 18 17:55:03 UTC 2026
Cache sync 63 at Sat Jul 18 17:55:03 UTC 2026
Cache sync 64 at Sat Jul 18 17:55:03 UTC 2026
Cache sync 65 at Sat Jul 18 17:55:03 UTC 2026
Cache sync 66 at Sat Jul 18 17:55:03 UTC 2026
Cache sync 67 at Sat Jul 18 17:55:03 UTC 2026
Cache sync 68 at Sat Jul 18 17:55:03 UTC 2026
Cache sync 69 at Sat Jul 18 17:55:03 UTC 2026
Cache sync 70 at Sat Jul 18 17:55:03 UTC 2026
Cache sync 71 at Sat Jul 18 17:55:03 UTC 2026
Cache sync 72 at Sat Jul 18 17:55:03 UTC 2026
Cache sync 73 at Sat Jul 18 17:55:03 UTC 2026
Cache sync 74 at Sat Jul 18 17:55:03 UTC 2026
Cache sync 75 at Sat Jul 18 17:55:03 UTC 2026
Cache sync 76 at Sat Jul 18 17:55:03 UTC 2026
Cache sync 77 at Sat Jul 18 17:55:03 UTC 2026
Cache sync 78 at Sat Jul 18 17:55:03 UTC 2026
Cache sync 79 at Sat Jul 18 17:55:03 UTC 2026
Cache sync 80 at Sat Jul 18 17:55:03 UTC 2026
Cache sync 1 at Sun Jul 19 17:56:39 UTC 2026
Cache sync 2 at Sun Jul 19 17:56:39 UTC 2026
Cache sync 3 at Sun Jul 19 17:56:39 UTC 2026
Cache sync 4 at Sun Jul 19 17:56:40 UTC 2026
Cache sync 5 at Sun Jul 19 17:56:40 UTC 2026
Cache sync 6 at Sun Jul 19 17:56:40 UTC 2026
Cache sync 7 at Sun Jul 19 17:56:40 UTC 2026
Cache sync 8 at Sun Jul 19 17:56:40 UTC 2026
Cache sync 9 at Sun Jul 19 17:56:40 UTC 2026
Cache sync 10 at Sun Jul 19 17:56:40 UTC 2026
Cache sync 11 at Sun Jul 19 17:56:40 UTC 2026
Cache sync 12 at Sun Jul 19 17:56:40 UTC 2026
Cache sync 13 at Sun Jul 19 17:56:40 UTC 2026
Cache sync 14 at Sun Jul 19 17:56:40 UTC 2026
Cache sync 15 at Sun Jul 19 17:56:40 UTC 2026
Cache sync 16 at Sun Jul 19 17:56:40 UTC 2026
Cache sync 1 at Mon Jul 20 18:51:19 UTC 2026
Cache sync 2 at Mon Jul 20 18:51:19 UTC 2026
Cache sync 3 at Mon Jul 20 18:51:19 UTC 2026
Cache sync 4 at Mon Jul 20 18:51:19 UTC 2026
Cache sync 5 at Mon Jul 20 18:51:19 UTC 2026
Cache sync 6 at Mon Jul 20 18:51:19 UTC 2026
Cache sync 7 at Mon Jul 20 18:51:19 UTC 2026
Cache sync 8 at Mon Jul 20 18:51:19 UTC 2026
Cache sync 9 at Mon Jul 20 18:51:19 UTC 2026
Cache sync 10 at Mon Jul 20 18:51:19 UTC 2026
Cache sync 11 at Mon Jul 20 18:51:19 UTC 2026
Cache sync 12 at Mon Jul 20 18:51:19 UTC 2026
Cache sync 13 at Mon Jul 20 18:51:19 UTC 2026
Cache sync 14 at Mon Jul 20 18:51:19 UTC 2026
Cache sync 15 at Mon Jul 20 18:51:19 UTC 2026
Cache sync 16 at Mon Jul 20 18:51:19 UTC 2026
Cache sync 17 at Mon Jul 20 18:51:19 UTC 2026
Cache sync 18 at Mon Jul 20 18:51:19 UTC 2026
Cache sync 19 at Mon Jul 20 18:51:19 UTC 2026
Cache sync 20 at Mon Jul 20 18:51:19 UTC 2026
Cache sync 21 at Mon Jul 20 18:51:19 UTC 2026
Cache sync 22 at Mon Jul 20 18:51:19 UTC 2026
Cache sync 23 at Mon Jul 20 18:51:19 UTC 2026
Cache sync 24 at Mon Jul 20 18:51:19 UTC 2026
Cache sync 25 at Mon Jul 20 18:51:19 UTC 2026
Cache sync 26 at Mon Jul 20 18:51:19 UTC 2026
Cache sync 27 at Mon Jul 20 18:51:19 UTC 2026
Cache sync 28 at Mon Jul 20 18:51:19 UTC 2026
Cache sync 29 at Mon Jul 20 18:51:19 UTC 2026
Cache sync 30 at Mon Jul 20 18:51:19 UTC 2026
Cache sync 31 at Mon Jul 20 18:51:19 UTC 2026
Cache sync 32 at Mon Jul 20 18:51:19 UTC 2026
Cache sync 33 at Mon Jul 20 18:51:19 UTC 2026
Cache sync 34 at Mon Jul 20 18:51:19 UTC 2026
Cache sync 35 at Mon Jul 20 18:51:19 UTC 2026
Cache sync 36 at Mon Jul 20 18:51:19 UTC 2026
Cache sync 37 at Mon Jul 20 18:51:19 UTC 2026
Cache sync 38 at Mon Jul 20 18:51:19 UTC 2026
Cache sync 39 at Mon Jul 20 18:51:19 UTC 2026
Cache sync 1 at Tue Jul 21 18:14:43 UTC 2026
Cache sync 2 at Tue Jul 21 18:14:43 UTC 2026
Cache sync 3 at Tue Jul 21 18:14:43 UTC 2026
Cache sync 4 at Tue Jul 21 18:14:43 UTC 2026
Cache sync 5 at Tue Jul 21 18:14:43 UTC 2026
Cache sync 6 at Tue Jul 21 18:14:43 UTC 2026
Cache sync 7 at Tue Jul 21 18:14:43 UTC 2026
Cache sync 8 at Tue Jul 21 18:14:43 UTC 2026
Cache sync 9 at Tue Jul 21 18:14:43 UTC 2026
Cache sync 10 at Tue Jul 21 18:14:43 UTC 2026
Cache sync 11 at Tue Jul 21 18:14:43 UTC 2026
Cache sync 12 at Tue Jul 21 18:14:43 UTC 2026
Cache sync 13 at Tue Jul 21 18:14:43 UTC 2026
Cache sync 14 at Tue Jul 21 18:14:43 UTC 2026
Cache sync 15 at Tue Jul 21 18:14:43 UTC 2026
Cache sync 16 at Tue Jul 21 18:14:43 UTC 2026
Cache sync 17 at Tue Jul 21 18:14:43 UTC 2026
Cache sync 18 at Tue Jul 21 18:14:43 UTC 2026
Cache sync 19 at Tue Jul 21 18:14:43 UTC 2026
Cache sync 20 at Tue Jul 21 18:14:43 UTC 2026
Cache sync 21 at Tue Jul 21 18:14:43 UTC 2026
Cache sync 22 at Tue Jul 21 18:14:43 UTC 2026
Cache sync 23 at Tue Jul 21 18:14:43 UTC 2026
Cache sync 24 at Tue Jul 21 18:14:43 UTC 2026
Cache sync 25 at Tue Jul 21 18:14:43 UTC 2026
Cache sync 26 at Tue Jul 21 18:14:43 UTC 2026
Cache sync 27 at Tue Jul 21 18:14:43 UTC 2026
Cache sync 28 at Tue Jul 21 18:14:43 UTC 2026
Cache sync 29 at Tue Jul 21 18:14:43 UTC 2026
Cache sync 30 at Tue Jul 21 18:14:43 UTC 2026
Cache sync 31 at Tue Jul 21 18:14:43 UTC 2026
Cache sync 32 at Tue Jul 21 18:14:43 UTC 2026
Cache sync 33 at Tue Jul 21 18:14:43 UTC 2026
Cache sync 34 at Tue Jul 21 18:14:43 UTC 2026
Cache sync 35 at Tue Jul 21 18:14:43 UTC 2026
Cache sync 36 at Tue Jul 21 18:14:43 UTC 2026
Cache sync 37 at Tue Jul 21 18:14:43 UTC 2026
Cache sync 38 at Tue Jul 21 18:14:43 UTC 2026
Cache sync 39 at Tue Jul 21 18:14:43 UTC 2026
Cache sync 40 at Tue Jul 21 18:14:43 UTC 2026
Cache sync 41 at Tue Jul 21 18:14:43 UTC 2026
Cache sync 42 at Tue Jul 21 18:14:43 UTC 2026
Cache sync 43 at Tue Jul 21 18:14:43 UTC 2026
Cache sync 44 at Tue Jul 21 18:14:43 UTC 2026
Cache sync 45 at Tue Jul 21 18:14:43 UTC 2026
Cache sync 46 at Tue Jul 21 18:14:43 UTC 2026
Cache sync 47 at Tue Jul 21 18:14:43 UTC 2026
Cache sync 48 at Tue Jul 21 18:14:43 UTC 2026
Cache sync 49 at Tue Jul 21 18:14:43 UTC 2026
Cache sync 50 at Tue Jul 21 18:14:43 UTC 2026
Cache sync 51 at Tue Jul 21 18:14:43 UTC 2026
Cache sync 52 at Tue Jul 21 18:14:43 UTC 2026
Cache sync 53 at Tue Jul 21 18:14:43 UTC 2026
Cache sync 54 at Tue Jul 21 18:14:43 UTC 2026
Cache sync 55 at Tue Jul 21 18:14:43 UTC 2026
Cache sync 56 at Tue Jul 21 18:14:43 UTC 2026
Cache sync 57 at Tue Jul 21 18:14:43 UTC 2026
Cache sync 58 at Tue Jul 21 18:14:43 UTC 2026
Cache sync 59 at Tue Jul 21 18:14:43 UTC 2026
Cache sync 60 at Tue Jul 21 18:14:43 UTC 2026
Cache sync 61 at Tue Jul 21 18:14:43 UTC 2026
Cache sync 62 at Tue Jul 21 18:14:43 UTC 2026
Cache sync 63 at Tue Jul 21 18:14:43 UTC 2026
Cache sync 64 at Tue Jul 21 18:14:43 UTC 2026
Cache sync 65 at Tue Jul 21 18:14:43 UTC 2026
Cache sync 66 at Tue Jul 21 18:14:43 UTC 2026
Cache sync 67 at Tue Jul 21 18:14:43 UTC 2026
Cache sync 68 at Tue Jul 21 18:14:43 UTC 2026
Cache sync 69 at Tue Jul 21 18:14:43 UTC 2026
Cache sync 70 at Tue Jul 21 18:14:43 UTC 2026
Cache sync 71 at Tue Jul 21 18:14:43 UTC 2026
Cache sync 72 at Tue Jul 21 18:14:43 UTC 2026
Cache sync 73 at Tue Jul 21 18:14:43 UTC 2026
Cache sync 74 at Tue Jul 21 18:14:43 UTC 2026
Cache sync 1 at Wed Jul 22 18:06:52 UTC 2026
Cache sync 2 at Wed Jul 22 18:06:52 UTC 2026
Cache sync 3 at Wed Jul 22 18:06:52 UTC 2026
Cache sync 4 at Wed Jul 22 18:06:52 UTC 2026
Cache sync 5 at Wed Jul 22 18:06:52 UTC 2026
Cache sync 6 at Wed Jul 22 18:06:52 UTC 2026
Cache sync 7 at Wed Jul 22 18:06:52 UTC 2026
Cache sync 8 at Wed Jul 22 18:06:52 UTC 2026
Cache sync 9 at Wed Jul 22 18:06:52 UTC 2026
Cache sync 10 at Wed Jul 22 18:06:52 UTC 2026
Cache sync 11 at Wed Jul 22 18:06:52 UTC 2026
Cache sync 12 at Wed Jul 22 18:06:52 UTC 2026
Cache sync 13 at Wed Jul 22 18:06:52 UTC 2026
Cache sync 14 at Wed Jul 22 18:06:52 UTC 2026
Cache sync 15 at Wed Jul 22 18:06:52 UTC 2026
Cache sync 16 at Wed Jul 22 18:06:52 UTC 2026
Cache sync 17 at Wed Jul 22 18:06:52 UTC 2026
Cache sync 18 at Wed Jul 22 18:06:52 UTC 2026
Cache sync 19 at Wed Jul 22 18:06:52 UTC 2026
Cache sync 20 at Wed Jul 22 18:06:52 UTC 2026
Cache sync 21 at Wed Jul 22 18:06:52 UTC 2026
Cache sync 22 at Wed Jul 22 18:06:52 UTC 2026
Cache sync 23 at Wed Jul 22 18:06:52 UTC 2026
Cache sync 24 at Wed Jul 22 18:06:52 UTC 2026
Cache sync 25 at Wed Jul 22 18:06:52 UTC 2026
Cache sync 26 at Wed Jul 22 18:06:52 UTC 2026
Cache sync 27 at Wed Jul 22 18:06:52 UTC 2026
Cache sync 28 at Wed Jul 22 18:06:52 UTC 2026
Cache sync 29 at Wed Jul 22 18:06:52 UTC 2026
Cache sync 30 at Wed Jul 22 18:06:52 UTC 2026
Cache sync 31 at Wed Jul 22 18:06:52 UTC 2026
Cache sync 32 at Wed Jul 22 18:06:52 UTC 2026
Cache sync 33 at Wed Jul 22 18:06:52 UTC 2026
Cache sync 34 at Wed Jul 22 18:06:52 UTC 2026
Cache sync 35 at Wed Jul 22 18:06:52 UTC 2026
Cache sync 36 at Wed Jul 22 18:06:52 UTC 2026
Cache sync 37 at Wed Jul 22 18:06:52 UTC 2026
Cache sync 38 at Wed Jul 22 18:06:52 UTC 2026
Cache sync 39 at Wed Jul 22 18:06:52 UTC 2026
Cache sync 40 at Wed Jul 22 18:06:52 UTC 2026
Cache sync 41 at Wed Jul 22 18:06:52 UTC 2026
Cache sync 42 at Wed Jul 22 18:06:52 UTC 2026
Cache sync 43 at Wed Jul 22 18:06:52 UTC 2026
Cache sync 44 at Wed Jul 22 18:06:52 UTC 2026
Cache sync 45 at Wed Jul 22 18:06:52 UTC 2026
Cache sync 46 at Wed Jul 22 18:06:52 UTC 2026
Cache sync 47 at Wed Jul 22 18:06:52 UTC 2026
Cache sync 48 at Wed Jul 22 18:06:52 UTC 2026
Cache sync 49 at Wed Jul 22 18:06:52 UTC 2026
Cache sync 50 at Wed Jul 22 18:06:52 UTC 2026
Cache sync 51 at Wed Jul 22 18:06:52 UTC 2026
Cache sync 52 at Wed Jul 22 18:06:52 UTC 2026
Cache sync 53 at Wed Jul 22 18:06:52 UTC 2026
Cache sync 54 at Wed Jul 22 18:06:52 UTC 2026
Cache sync 55 at Wed Jul 22 18:06:52 UTC 2026
Cache sync 56 at Wed Jul 22 18:06:52 UTC 2026
Cache sync 57 at Wed Jul 22 18:06:52 UTC 2026
Cache sync 58 at Wed Jul 22 18:06:52 UTC 2026
Cache sync 59 at Wed Jul 22 18:06:52 UTC 2026
Cache sync 60 at Wed Jul 22 18:06:52 UTC 2026
Cache sync 61 at Wed Jul 22 18:06:52 UTC 2026
Cache sync 62 at Wed Jul 22 18:06:52 UTC 2026
Cache sync 63 at Wed Jul 22 18:06:52 UTC 2026
Cache sync 64 at Wed Jul 22 18:06:52 UTC 2026
Cache sync 65 at Wed Jul 22 18:06:52 UTC 2026
Cache sync 66 at Wed Jul 22 18:06:52 UTC 2026
Cache sync 67 at Wed Jul 22 18:06:52 UTC 2026
Cache sync 68 at Wed Jul 22 18:06:52 UTC 2026
Cache sync 69 at Wed Jul 22 18:06:52 UTC 2026
Cache sync 70 at Wed Jul 22 18:06:52 UTC 2026
Cache sync 71 at Wed Jul 22 18:06:52 UTC 2026
Cache sync 72 at Wed Jul 22 18:06:52 UTC 2026
Cache sync 73 at Wed Jul 22 18:06:52 UTC 2026
Cache sync 74 at Wed Jul 22 18:06:52 UTC 2026
Cache sync 75 at Wed Jul 22 18:06:52 UTC 2026
Cache sync 76 at Wed Jul 22 18:06:52 UTC 2026
Cache sync 77 at Wed Jul 22 18:06:52 UTC 2026
Cache sync 78 at Wed Jul 22 18:06:52 UTC 2026
Cache sync 79 at Wed Jul 22 18:06:52 UTC 2026
Cache sync 80 at Wed Jul 22 18:06:52 UTC 2026
Cache sync 81 at Wed Jul 22 18:06:52 UTC 2026
Cache sync 82 at Wed Jul 22 18:06:52 UTC 2026
Cache sync 83 at Wed Jul 22 18:06:52 UTC 2026
Cache sync 1 at Thu Jul 23 18:11:06 UTC 2026
Cache sync 2 at Thu Jul 23 18:11:06 UTC 2026
Cache sync 3 at Thu Jul 23 18:11:06 UTC 2026
Cache sync 4 at Thu Jul 23 18:11:06 UTC 2026
Cache sync 5 at Thu Jul 23 18:11:06 UTC 2026
Cache sync 6 at Thu Jul 23 18:11:06 UTC 2026
Cache sync 7 at Thu Jul 23 18:11:06 UTC 2026
Cache sync 8 at Thu Jul 23 18:11:06 UTC 2026
Cache sync 9 at Thu Jul 23 18:11:07 UTC 2026
Cache sync 10 at Thu Jul 23 18:11:07 UTC 2026
Cache sync 11 at Thu Jul 23 18:11:07 UTC 2026
Cache sync 12 at Thu Jul 23 18:11:07 UTC 2026
Cache sync 13 at Thu Jul 23 18:11:07 UTC 2026
Cache sync 14 at Thu Jul 23 18:11:07 UTC 2026
Cache sync 15 at Thu Jul 23 18:11:07 UTC 2026
Cache sync 16 at Thu Jul 23 18:11:07 UTC 2026
Cache sync 17 at Thu Jul 23 18:11:07 UTC 2026
Cache sync 18 at Thu Jul 23 18:11:07 UTC 2026
Cache sync 19 at Thu Jul 23 18:11:07 UTC 2026
Cache sync 20 at Thu Jul 23 18:11:07 UTC 2026
Cache sync 21 at Thu Jul 23 18:11:07 UTC 2026
Cache sync 22 at Thu Jul 23 18:11:07 UTC 2026
Cache sync 23 at Thu Jul 23 18:11:07 UTC 2026
Cache sync 24 at Thu Jul 23 18:11:07 UTC 2026
Cache sync 25 at Thu Jul 23 18:11:07 UTC 2026
Cache sync 26 at Thu Jul 23 18:11:07 UTC 2026
Cache sync 27 at Thu Jul 23 18:11:07 UTC 2026
Cache sync 28 at Thu Jul 23 18:11:07 UTC 2026
Cache sync 29 at Thu Jul 23 18:11:07 UTC 2026
Cache sync 30 at Thu Jul 23 18:11:07 UTC 2026
Cache sync 31 at Thu Jul 23 18:11:07 UTC 2026
Cache sync 32 at Thu Jul 23 18:11:07 UTC 2026
Cache sync 33 at Thu Jul 23 18:11:07 UTC 2026
Cache sync 34 at Thu Jul 23 18:11:07 UTC 2026
Cache sync 35 at Thu Jul 23 18:11:07 UTC 2026
Cache sync 36 at Thu Jul 23 18:11:07 UTC 2026
Cache sync 37 at Thu Jul 23 18:11:07 UTC 2026
Cache sync 38 at Thu Jul 23 18:11:07 UTC 2026
Cache sync 39 at Thu Jul 23 18:11:07 UTC 2026
Cache sync 40 at Thu Jul 23 18:11:07 UTC 2026
Cache sync 41 at Thu Jul 23 18:11:07 UTC 2026
Cache sync 42 at Thu Jul 23 18:11:07 UTC 2026
Cache sync 43 at Thu Jul 23 18:11:07 UTC 2026
Cache sync 44 at Thu Jul 23 18:11:07 UTC 2026
Cache sync 45 at Thu Jul 23 18:11:07 UTC 2026
Cache sync 46 at Thu Jul 23 18:11:07 UTC 2026
Cache sync 47 at Thu Jul 23 18:11:07 UTC 2026
Cache sync 48 at Thu Jul 23 18:11:07 UTC 2026
Cache sync 49 at Thu Jul 23 18:11:07 UTC 2026
Cache sync 50 at Thu Jul 23 18:11:07 UTC 2026
Cache sync 51 at Thu Jul 23 18:11:07 UTC 2026
Cache sync 52 at Thu Jul 23 18:11:07 UTC 2026
Cache sync 53 at Thu Jul 23 18:11:07 UTC 2026
Cache sync 54 at Thu Jul 23 18:11:07 UTC 2026
Cache sync 55 at Thu Jul 23 18:11:07 UTC 2026
Cache sync 56 at Thu Jul 23 18:11:07 UTC 2026
Cache sync 57 at Thu Jul 23 18:11:07 UTC 2026
Cache sync 58 at Thu Jul 23 18:11:07 UTC 2026
Cache sync 59 at Thu Jul 23 18:11:07 UTC 2026
Cache sync 60 at Thu Jul 23 18:11:07 UTC 2026
Cache sync 61 at Thu Jul 23 18:11:07 UTC 2026
Cache sync 62 at Thu Jul 23 18:11:07 UTC 2026
Cache sync 63 at Thu Jul 23 18:11:07 UTC 2026
Cache sync 64 at Thu Jul 23 18:11:07 UTC 2026
Cache sync 65 at Thu Jul 23 18:11:07 UTC 2026
Cache sync 66 at Thu Jul 23 18:11:07 UTC 2026
Cache sync 67 at Thu Jul 23 18:11:07 UTC 2026
Cache sync 68 at Thu Jul 23 18:11:07 UTC 2026
Cache sync 69 at Thu Jul 23 18:11:07 UTC 2026
Cache sync 70 at Thu Jul 23 18:11:07 UTC 2026
Cache sync 71 at Thu Jul 23 18:11:07 UTC 2026
Cache sync 72 at Thu Jul 23 18:11:07 UTC 2026
Cache sync 73 at Thu Jul 23 18:11:07 UTC 2026
Cache sync 74 at Thu Jul 23 18:11:07 UTC 2026
Cache sync 75 at Thu Jul 23 18:11:07 UTC 2026
Cache sync 76 at Thu Jul 23 18:11:07 UTC 2026
Cache sync 77 at Thu Jul 23 18:11:07 UTC 2026
Cache sync 1 at Fri Jul 24 18:16:03 UTC 2026
Cache sync 2 at Fri Jul 24 18:16:03 UTC 2026
Cache sync 3 at Fri Jul 24 18:16:03 UTC 2026
Cache sync 4 at Fri Jul 24 18:16:03 UTC 2026
Cache sync 5 at Fri Jul 24 18:16:03 UTC 2026
Cache sync 6 at Fri Jul 24 18:16:03 UTC 2026
Cache sync 7 at Fri Jul 24 18:16:03 UTC 2026
Cache sync 8 at Fri Jul 24 18:16:03 UTC 2026
Cache sync 9 at Fri Jul 24 18:16:03 UTC 2026
Cache sync 10 at Fri Jul 24 18:16:03 UTC 2026
Cache sync 11 at Fri Jul 24 18:16:03 UTC 2026
